Build started 8/21/2016 7:00:36 PM.
     1>Project "C:\Users\xiaomi\Desktop\Github_Project\huffmantree\huffmantree\huffmantree.vcxproj" on node 2 (build target(s)).
     1>InitializeBuildStatus:
         Creating "Debug\huffmantree.unsuccessfulbuild" because "AlwaysCreate" was specified.
       ClCompile:
         c:\Program Files (x86)\Microsoft Visual Studio 10.0\VC\bin\CL.exe /c /ZI /nologo /W3 /WX- /Od /Oy- /D WIN32 /D _DEBUG /D _CONSOLE /D _UNICODE /D UNICODE /Gm /EHsc /RTC1 /MDd /GS /fp:precise /Zc:wchar_t /Zc:forScope /Fo"Debug\\" /Fd"Debug\vc100.pdb" /Gd /TP /analyze- /errorReport:prompt huffman.cpp main.cpp pQueue.cpp
         pQueue.cpp
         main.cpp
         huffman.cpp
     1>c:\users\xiaomi\desktop\github_project\huffmantree\huffmantree\huffman.cpp(68): warning C4996: 'strcpy': This function or variable may be unsafe. Consider using strcpy_s instead. To disable deprecation, use _CRT_SECURE_NO_WARNINGS. See online help for details.
                 c:\program files (x86)\microsoft visual studio 10.0\vc\include\string.h(105) : see declaration of 'strcpy'
         Generating Code...
       ManifestResourceCompile:
         C:\Program Files (x86)\Microsoft SDKs\Windows\v7.0A\bin\rc.exe /nologo /fo"Debug\huffmantree.exe.embed.manifest.res" Debug\huffmantree_manifest.rc 
       Link:
         c:\Program Files (x86)\Microsoft Visual Studio 10.0\VC\bin\link.exe /ERRORREPORT:PROMPT /OUT:"C:\Users\xiaomi\Desktop\Github_Project\huffmantree\Debug\huffmantree.exe" /INCREMENTAL /NOLOGO kernel32.lib user32.lib gdi32.lib winspool.lib comdlg32.lib advapi32.lib shell32.lib ole32.lib oleaut32.lib uuid.lib odbc32.lib odbccp32.lib /MANIFEST /ManifestFile:"Debug\huffmantree.exe.intermediate.manifest" /MANIFESTUAC:"level='asInvoker' uiAccess='false'" /DEBUG /PDB:"C:\Users\xiaomi\Desktop\Github_Project\huffmantree\Debug\huffmantree.pdb" /SUBSYSTEM:CONSOLE /TLBID:1 /DYNAMICBASE /NXCOMPAT /IMPLIB:"C:\Users\xiaomi\Desktop\Github_Project\huffmantree\Debug\huffmantree.lib" /MACHINE:X86 Debug\huffmantree.exe.embed.manifest.res
         Debug\huffman.obj
         Debug\main.obj
         Debug\pQueue.obj
       Manifest:
         C:\Program Files (x86)\Microsoft SDKs\Windows\v7.0A\bin\mt.exe /nologo /verbose /out:"Debug\huffmantree.exe.embed.manifest" /manifest Debug\huffmantree.exe.intermediate.manifest
         All outputs are up-to-date.
       LinkEmbedManifest:
         All outputs are up-to-date.
         huffmantree.vcxproj -> C:\Users\xiaomi\Desktop\Github_Project\huffmantree\Debug\huffmantree.exe
       FinalizeBuildStatus:
         Deleting file "Debug\huffmantree.unsuccessfulbuild".
         Touching "Debug\huffmantree.lastbuildstate".
     1>Done Building Project "C:\Users\xiaomi\Desktop\Github_Project\huffmantree\huffmantree\huffmantree.vcxproj" (build target(s)).

Build succeeded.

Time Elapsed 00:00:01.20
